<?xml version="1.0" encoding="UTF-8"?>
<!-- Generated by org.testng.reporters.JUnitXMLReporter -->
<testsuite ignored="0" hostname="PraveenPJ" failures="0" tests="3" name="Default test" time="33.369" errors="0" timestamp="2023-12-09T15:19:17 IST">
  <testcase classname="DMSApplication.Test.LoginApplication" name="DMS_Login" time="8.037"/>
  <testcase classname="DMSApplication.Test.LoginApplication" name="DMS_Login" time="7.402"/>
  <testcase classname="DMSApplication.Test.LoginApplication" name="DMS_Login" time="7.296"/>
</testsuite> <!-- Default test -->
