<?xml version="1.0" encoding="UTF-8"?>
<testng-results ignored="0" total="3" passed="3" failed="0" skipped="0">
  <reporter-output>
  </reporter-output>
  <suite started-at="2023-12-09T15:18:44 IST" name="Default suite" finished-at="2023-12-09T15:19:17 IST" duration-ms="33369">
    <groups>
    </groups>
    <test started-at="2023-12-09T15:18:44 IST" name="Default test" finished-at="2023-12-09T15:19:17 IST" duration-ms="33369">
      <class name="DMSApplication.Test.LoginApplication">
        <test-method is-config="true" signature="setup()[pri:0, instance:DMSApplication.Test.LoginApplication@32b260fa]" started-at="2023-12-09T15:18:45 IST" name="setup" finished-at="2023-12-09T15:18:50 IST" duration-ms="5143" status="PASS">
          <reporter-output>
          </reporter-output>
        </test-method> <!-- setup -->
        <test-method signature="DMS_Login(java.lang.String,java.lang.String,java.lang.String,java.lang.String)[pri:0, instance:DMSApplication.Test.LoginApplication@32b260fa]" started-at="2023-12-09T15:18:50 IST" name="DMS_Login" data-provider="getData" finished-at="2023-12-09T15:18:58 IST" duration-ms="8037" status="PASS">
          <params>
            <param index="0">
              <value>
                <![CDATA[Dataset1]]>
              </value>
            </param>
            <param index="1">
              <value>
                <![CDATA[https://dmswebapp.azurewebsites.net/]]>
              </value>
            </param>
            <param index="2">
              <value>
                <![CDATA[rohithcheedella]]>
              </value>
            </param>
            <param index="3">
              <value>
                <![CDATA[Passw0rd]]>
              </value>
            </param>
          </params>
          <reporter-output>
          </reporter-output>
        </test-method> <!-- DMS_Login -->
        <test-method is-config="true" signature="tearDown()[pri:0, instance:DMSApplication.Test.LoginApplication@32b260fa]" started-at="2023-12-09T15:18:58 IST" name="tearDown" finished-at="2023-12-09T15:18:59 IST" duration-ms="527" status="PASS">
          <reporter-output>
          </reporter-output>
        </test-method> <!-- tearDown -->
        <test-method is-config="true" signature="setup()[pri:0, instance:DMSApplication.Test.LoginApplication@32b260fa]" started-at="2023-12-09T15:18:59 IST" name="setup" finished-at="2023-12-09T15:19:01 IST" duration-ms="1910" status="PASS">
          <reporter-output>
          </reporter-output>
        </test-method> <!-- setup -->
        <test-method signature="DMS_Login(java.lang.String,java.lang.String,java.lang.String,java.lang.String)[pri:0, instance:DMSApplication.Test.LoginApplication@32b260fa]" started-at="2023-12-09T15:19:01 IST" name="DMS_Login" data-provider="getData" finished-at="2023-12-09T15:19:08 IST" duration-ms="7402" status="PASS">
          <params>
            <param index="0">
              <value>
                <![CDATA[Dataset2]]>
              </value>
            </param>
            <param index="1">
              <value>
                <![CDATA[https://dmswebapp.azurewebsites.net/]]>
              </value>
            </param>
            <param index="2">
              <value>
                <![CDATA[RashmithaKatikam]]>
              </value>
            </param>
            <param index="3">
              <value>
                <![CDATA[Passw0rd]]>
              </value>
            </param>
          </params>
          <reporter-output>
          </reporter-output>
        </test-method> <!-- DMS_Login -->
        <test-method is-config="true" signature="tearDown()[pri:0, instance:DMSApplication.Test.LoginApplication@32b260fa]" started-at="2023-12-09T15:19:08 IST" name="tearDown" finished-at="2023-12-09T15:19:08 IST" duration-ms="235" status="PASS">
          <reporter-output>
          </reporter-output>
        </test-method> <!-- tearDown -->
        <test-method is-config="true" signature="setup()[pri:0, instance:DMSApplication.Test.LoginApplication@32b260fa]" started-at="2023-12-09T15:19:08 IST" name="setup" finished-at="2023-12-09T15:19:10 IST" duration-ms="1417" status="PASS">
          <reporter-output>
          </reporter-output>
        </test-method> <!-- setup -->
        <test-method signature="DMS_Login(java.lang.String,java.lang.String,java.lang.String,java.lang.String)[pri:0, instance:DMSApplication.Test.LoginApplication@32b260fa]" started-at="2023-12-09T15:19:10 IST" name="DMS_Login" data-provider="getData" finished-at="2023-12-09T15:19:17 IST" duration-ms="7296" status="PASS">
          <params>
            <param index="0">
              <value>
                <![CDATA[Dataset3]]>
              </value>
            </param>
            <param index="1">
              <value>
                <![CDATA[https://dmswebapp.azurewebsites.net/]]>
              </value>
            </param>
            <param index="2">
              <value>
                <![CDATA[Umrazshaik]]>
              </value>
            </param>
            <param index="3">
              <value>
                <![CDATA[Passw0rd]]>
              </value>
            </param>
          </params>
          <reporter-output>
          </reporter-output>
        </test-method> <!-- DMS_Login -->
        <test-method is-config="true" signature="tearDown()[pri:0, instance:DMSApplication.Test.LoginApplication@32b260fa]" started-at="2023-12-09T15:19:17 IST" name="tearDown" finished-at="2023-12-09T15:19:17 IST" duration-ms="241" status="PASS">
          <reporter-output>
          </reporter-output>
        </test-method> <!-- tearDown -->
      </class> <!-- DMSApplication.Test.LoginApplication -->
    </test> <!-- Default test -->
  </suite> <!-- Default suite -->
</testng-results>
